<?xml version="1.0" encoding="UTF-8"?>
<testsuites name="Mocha Tests" time="0" tests="1" failures="1">
  <testsuite name="Root Suite" timestamp="2024-09-26T12:27:37" tests="0" file="cypress\e2e\Diversos\livraria.cy.js" failures="0" time="0">
  </testsuite>
  <testsuite name="Livraria da Travessa" timestamp="2024-09-26T12:27:37" tests="1" failures="1" time="0">
    <testcase name="Livraria da Travessa Novo Usuário" time="0" classname="Novo Usuário">
      <failure message="Timed out retrying after 4000ms: Expected to find element: `.catList &gt; :nth-child(3)`, but never found it." type="AssertionError"><![CDATA[AssertionError: Timed out retrying after 4000ms: Expected to find element: `.catList > :nth-child(3)`, but never found it.
    at Context.eval (webpack://Cypress_Automacao/./cypress/e2e/Diversos/livraria.cy.js:88:7)]]></failure>
    </testcase>
  </testsuite>
</testsuites>