<?xml version="1.0" encoding="UTF-8"?>
<testsuites name="Mocha Tests" time="458.58799999999997" tests="9" failures="2">
  <testsuite name="Root Suite" timestamp="2024-09-26T13:07:59" tests="0" file="cypress\e2e\1-getting-started\Web_Shop\completo_web_shop.cy.js" failures="0" time="0">
  </testsuite>
  <testsuite name="DEMO WEB SHOP" timestamp="2024-09-26T13:07:59" tests="1" failures="0" time="11.885">
    <testcase name="DEMO WEB SHOP FAZER LOGIN" time="11.885" classname="FAZER LOGIN">
    </testcase>
  </testsuite>
  <testsuite name="DEMO WEB SHOP" timestamp="2024-09-26T13:08:15" tests="1" failures="1" time="0">
    <testcase name="DEMO WEB SHOP GIFT" time="0" classname="GIFT">
      <failure message="Timed out retrying after 4000ms: Expected to find content: &apos;Your Shopping Cart is empty!&apos; but never did." type="AssertionError"><![CDATA[AssertionError: Timed out retrying after 4000ms: Expected to find content: 'Your Shopping Cart is empty!' but never did.
    at Context.eval (webpack://Cypress_Automacao/./cypress/e2e/1-getting-started/Web_Shop/completo_web_shop.cy.js:136:44)]]></failure>
    </testcase>
  </testsuite>
  <testsuite name="DEMO WEB SHOP" timestamp="2024-09-26T13:09:28" tests="1" failures="0" time="77.216">
    <testcase name="DEMO WEB SHOP BOOKS_WEB" time="77.216" classname="BOOKS_WEB">
    </testcase>
  </testsuite>
  <testsuite name="DEMO WEB SHOP" timestamp="2024-09-26T13:10:45" tests="1" failures="0" time="134.648">
    <testcase name="DEMO WEB SHOP COMPUTERS_WEB" time="134.648" classname="COMPUTERS_WEB">
    </testcase>
  </testsuite>
  <testsuite name="DEMO WEB SHOP" timestamp="2024-09-26T13:13:00" tests="1" failures="0" time="47.007">
    <testcase name="DEMO WEB SHOP ELETRONICS_WEB" time="47.007" classname="ELETRONICS_WEB">
    </testcase>
  </testsuite>
  <testsuite name="DEMO WEB SHOP" timestamp="2024-09-26T13:13:47" tests="1" failures="1" time="0">
    <testcase name="DEMO WEB SHOP APPAREL_&amp;_SHOES_WEB" time="0" classname="APPAREL_&amp;_SHOES_WEB">
      <failure message="Timed out retrying after 4000ms: Expected to find content: &apos;Your Shopping Cart is empty!&apos; but never did." type="AssertionError"><![CDATA[AssertionError: Timed out retrying after 4000ms: Expected to find content: 'Your Shopping Cart is empty!' but never did.
    at Context.eval (webpack://Cypress_Automacao/./cypress/e2e/1-getting-started/Web_Shop/completo_web_shop.cy.js:628:44)]]></failure>
    </testcase>
  </testsuite>
  <testsuite name="DEMO WEB SHOP" timestamp="2024-09-26T13:15:41" tests="1" failures="0" time="31.478">
    <testcase name="DEMO WEB SHOP DIGITAL_DOWNLOADS_WEB" time="31.478" classname="DIGITAL_DOWNLOADS_WEB">
    </testcase>
  </testsuite>
  <testsuite name="DEMO WEB SHOP" timestamp="2024-09-26T13:16:12" tests="1" failures="0" time="68.005">
    <testcase name="DEMO WEB SHOP JEWELRY_WEB" time="68.005" classname="JEWELRY_WEB">
    </testcase>
  </testsuite>
  <testsuite name="DEMO WEB SHOP" timestamp="2024-09-26T13:17:21" tests="1" failures="0" time="88.349">
    <testcase name="DEMO WEB SHOP PAGAMENTO DA JÓIA" time="88.349" classname="PAGAMENTO DA JÓIA">
    </testcase>
  </testsuite>
</testsuites>