<?xml version="1.0" encoding="UTF-8"?>
<testsuites name="Mocha Tests" time="0" tests="1" failures="1">
  <testsuite name="Root Suite" timestamp="2024-09-30T18:48:28" tests="0" file="cypress\e2e\1-getting-started\Web_Shop.cy.js" failures="0" time="0">
  </testsuite>
  <testsuite name="DEMO WEB SHOP" timestamp="2024-09-30T18:48:28" tests="1" failures="1" time="0">
    <testcase name="DEMO WEB SHOP CADASTRAR - Novo Usuário" time="0" classname="CADASTRAR - Novo Usuário">
      <failure message="cy.iframe is not a function" type="TypeError"><![CDATA[TypeError: cy.iframe is not a function
    at Context.eval (webpack://Cypress_Automacao/./cypress/e2e/1-getting-started/Web_Shop.cy.js:70:3)]]></failure>
    </testcase>
  </testsuite>
</testsuites>