<?xml version="1.0" encoding="UTF-8"?>
<testsuites name="Mocha Tests" time="0" tests="1" failures="1">
  <testsuite name="Root Suite" timestamp="2024-09-30T18:45:37" tests="0" file="cypress\e2e\Diversos\livraria.cy.js" failures="0" time="0">
  </testsuite>
  <testsuite name="Livraria da Travessa" timestamp="2024-09-30T18:45:37" tests="1" failures="1" time="0">
    <testcase name="Livraria da Travessa Novo Usuário" time="0" classname="Novo Usuário">
      <failure message="Cannot read properties of undefined (reading &apos;KeyboardEvent&apos;)" type="TypeError"><![CDATA[TypeError: Cannot read properties of undefined (reading 'KeyboardEvent')
    at Keyboard.fireSimulatedEvent (https://www.travessa.com.br/__cypress/runner/cypress_runner.js:116626:28)
    at Keyboard.simulatedKeydown (https://www.travessa.com.br/__cypress/runner/cypress_runner.js:116749:58)
    at Keyboard.typeSimulatedKey (https://www.travessa.com.br/__cypress/runner/cypress_runner.js:116787:10)
    at <unknown> (https://www.travessa.com.br/__cypress/runner/cypress_runner.js:116483:14)
    at tryCatcher (https://www.travessa.com.br/__cypress/runner/cypress_runner.js:1807:23)
    at Promise.attempt.Promise.try (https://www.travessa.com.br/__cypress/runner/cypress_runner.js:4315:29)
    at <unknown> (https://www.travessa.com.br/__cypress/runner/cypress_runner.js:116492:70)
    at tryCatcher (https://www.travessa.com.br/__cypress/runner/cypress_runner.js:1807:23)
    at Object.gotValue (https://www.travessa.com.br/__cypress/runner/cypress_runner.js:6476:18)
    at Object.gotAccum (https://www.travessa.com.br/__cypress/runner/cypress_runner.js:6465:25)
    at Object.tryCatcher (https://www.travessa.com.br/__cypress/runner/cypress_runner.js:1807:23)
    at Promise._settlePromiseFromHandler (https://www.travessa.com.br/__cypress/runner/cypress_runner.js:1519:31)
    at Promise._settlePromise (https://www.travessa.com.br/__cypress/runner/cypress_runner.js:1576:18)
    at Promise._settlePromiseCtx (https://www.travessa.com.br/__cypress/runner/cypress_runner.js:1613:10)
    at _drainQueueStep (https://www.travessa.com.br/__cypress/runner/cypress_runner.js:2411:12)
    at _drainQueue (https://www.travessa.com.br/__cypress/runner/cypress_runner.js:2400:9)
    at Async._drainQueues (https://www.travessa.com.br/__cypress/runner/cypress_runner.js:2416:5)
    at Async.drainQueues (https://www.travessa.com.br/__cypress/runner/cypress_runner.js:2286:14)]]></failure>
    </testcase>
  </testsuite>
</testsuites>