<?xml version="1.0" encoding="UTF-8"?>
<testsuites name="Mocha Tests" time="52.509" tests="1" failures="0">
  <testsuite name="Root Suite" timestamp="2024-09-26T13:21:52" tests="0" file="cypress\e2e\1-getting-started\Web_Shop\eletronics_web_shop.cy.js" failures="0" time="0">
  </testsuite>
  <testsuite name="DEMO WEB SHOP" timestamp="2024-09-26T13:21:52" tests="1" failures="0" time="52.509">
    <testcase name="DEMO WEB SHOP FAZER LOGIN" time="52.509" classname="FAZER LOGIN">
    </testcase>
  </testsuite>
</testsuites>