<?xml version="1.0" encoding="UTF-8"?>
<testsuites name="Mocha Tests" time="693.463" tests="9" failures="2">
  <testsuite name="Root Suite" timestamp="2024-09-30T18:54:54" tests="0" file="cypress\e2e\1-getting-started\Web_Shop\completo_web_shop.cy.js" failures="0" time="0">
  </testsuite>
  <testsuite name="DEMO WEB SHOP" timestamp="2024-09-30T18:54:54" tests="1" failures="0" time="8.786">
    <testcase name="DEMO WEB SHOP FAZER LOGIN" time="8.786" classname="FAZER LOGIN">
    </testcase>
  </testsuite>
  <testsuite name="DEMO WEB SHOP" timestamp="2024-09-30T18:55:08" tests="1" failures="1" time="0">
    <testcase name="DEMO WEB SHOP GIFT" time="0" classname="GIFT">
      <failure message="Timed out retrying after 4000ms: Expected to find content: &apos;Your Shopping Cart is empty!&apos; but never did." type="AssertionError"><![CDATA[AssertionError: Timed out retrying after 4000ms: Expected to find content: 'Your Shopping Cart is empty!' but never did.
    at Context.eval (webpack://Cypress_Automacao/./cypress/e2e/1-getting-started/Web_Shop/completo_web_shop.cy.js:136:44)]]></failure>
    </testcase>
  </testsuite>
  <testsuite name="DEMO WEB SHOP" timestamp="2024-09-30T18:56:34" tests="1" failures="0" time="105.261">
    <testcase name="DEMO WEB SHOP BOOKS_WEB" time="105.261" classname="BOOKS_WEB">
    </testcase>
  </testsuite>
  <testsuite name="DEMO WEB SHOP" timestamp="2024-09-30T18:58:19" tests="1" failures="0" time="202.413">
    <testcase name="DEMO WEB SHOP COMPUTERS_WEB" time="202.413" classname="COMPUTERS_WEB">
    </testcase>
  </testsuite>
  <testsuite name="DEMO WEB SHOP" timestamp="2024-09-30T19:01:42" tests="1" failures="0" time="100.721">
    <testcase name="DEMO WEB SHOP ELETRONICS_WEB" time="100.721" classname="ELETRONICS_WEB">
    </testcase>
  </testsuite>
  <testsuite name="DEMO WEB SHOP" timestamp="2024-09-30T19:03:23" tests="1" failures="1" time="0">
    <testcase name="DEMO WEB SHOP APPAREL_&amp;_SHOES_WEB" time="0" classname="APPAREL_&amp;_SHOES_WEB">
      <failure message="Timed out retrying after 4000ms: Expected to find content: &apos;Your Shopping Cart is empty!&apos; but never did." type="AssertionError"><![CDATA[AssertionError: Timed out retrying after 4000ms: Expected to find content: 'Your Shopping Cart is empty!' but never did.
    at Context.eval (webpack://Cypress_Automacao/./cypress/e2e/1-getting-started/Web_Shop/completo_web_shop.cy.js:628:44)]]></failure>
    </testcase>
  </testsuite>
  <testsuite name="DEMO WEB SHOP" timestamp="2024-09-30T19:05:46" tests="1" failures="0" time="61.921">
    <testcase name="DEMO WEB SHOP DIGITAL_DOWNLOADS_WEB" time="61.921" classname="DIGITAL_DOWNLOADS_WEB">
    </testcase>
  </testsuite>
  <testsuite name="DEMO WEB SHOP" timestamp="2024-09-30T19:06:48" tests="1" failures="0" time="95.254">
    <testcase name="DEMO WEB SHOP JEWELRY_WEB" time="95.254" classname="JEWELRY_WEB">
    </testcase>
  </testsuite>
  <testsuite name="DEMO WEB SHOP" timestamp="2024-09-30T19:08:24" tests="1" failures="0" time="119.107">
    <testcase name="DEMO WEB SHOP PAGAMENTO DA JÓIA" time="119.107" classname="PAGAMENTO DA JÓIA">
    </testcase>
  </testsuite>
</testsuites>