<?xml version="1.0" encoding="UTF-8"?>
<testsuites name="Mocha Tests" time="51.827" tests="1" failures="0">
  <testsuite name="Root Suite" timestamp="2024-09-26T18:17:24" tests="0" file="cypress\e2e\1-getting-started\Web_Shop\eletronics_web_shop.cy.js" failures="0" time="0">
  </testsuite>
  <testsuite name="DEMO WEB SHOP" timestamp="2024-09-26T18:17:24" tests="1" failures="0" time="51.827">
    <testcase name="DEMO WEB SHOP FAZER LOGIN" time="51.827" classname="FAZER LOGIN">
    </testcase>
  </testsuite>
</testsuites>