<?xml version="1.0" encoding="UTF-8"?>
<testsuites name="Mocha Tests" time="61.402" tests="1" failures="0">
  <testsuite name="Root Suite" timestamp="2024-09-30T19:17:27" tests="0" file="cypress\e2e\1-getting-started\Web_Shop\payment_clean_cart_web_shop.cy.js" failures="0" time="0">
  </testsuite>
  <testsuite name="DEMO WEB SHOP" timestamp="2024-09-30T19:17:27" tests="1" failures="0" time="61.402">
    <testcase name="DEMO WEB SHOP PAGAMENTO DA JÓIA" time="61.402" classname="PAGAMENTO DA JÓIA">
    </testcase>
  </testsuite>
</testsuites>