<?xml version="1.0" encoding="UTF-8"?>
<testsuites name="Mocha Tests" time="3.077" tests="6" failures="0">
  <testsuite name="Root Suite" timestamp="2024-09-26T12:27:27" tests="0" file="cypress\e2e\1-getting-started\todo.cy.js" failures="0" time="0">
  </testsuite>
  <testsuite name="example to-do app" timestamp="2024-09-26T12:27:27" tests="3" failures="0" time="1.6480000000000001">
    <testcase name="example to-do app displays two todo items by default" time="0.643" classname="displays two todo items by default">
    </testcase>
    <testcase name="example to-do app can add new todo items" time="0.634" classname="can add new todo items">
    </testcase>
    <testcase name="example to-do app can check off an item as completed" time="0.371" classname="can check off an item as completed">
    </testcase>
  </testsuite>
  <testsuite name="with a checked task" timestamp="2024-09-26T12:27:32" tests="3" failures="0" time="1.429">
    <testcase name="example to-do app with a checked task can filter for uncompleted tasks" time="0.617" classname="can filter for uncompleted tasks">
    </testcase>
    <testcase name="example to-do app with a checked task can filter for completed tasks" time="0.413" classname="can filter for completed tasks">
    </testcase>
    <testcase name="example to-do app with a checked task can delete all completed tasks" time="0.399" classname="can delete all completed tasks">
    </testcase>
  </testsuite>
</testsuites>