<?xml version="1.0" encoding="UTF-8"?>
<testsuites name="Mocha Tests" time="31.98" tests="1" failures="0">
  <testsuite name="Root Suite" timestamp="2024-09-26T18:16:45" tests="0" file="cypress\e2e\1-getting-started\Web_Shop\digtal_downloads_web_shop.cy.js" failures="0" time="0">
  </testsuite>
  <testsuite name="DEMO WEB SHOP" timestamp="2024-09-26T18:16:45" tests="1" failures="0" time="31.98">
    <testcase name="DEMO WEB SHOP FAZER LOGIN" time="31.98" classname="FAZER LOGIN">
    </testcase>
  </testsuite>
</testsuites>