<?xml version="1.0" encoding="UTF-8"?>
<testsuites name="Mocha Tests" time="4.703" tests="6" failures="0">
  <testsuite name="Root Suite" timestamp="2024-09-30T18:54:01" tests="0" file="cypress\e2e\1-getting-started\todo.cy.js" failures="0" time="0">
  </testsuite>
  <testsuite name="example to-do app" timestamp="2024-09-30T18:54:01" tests="3" failures="0" time="2.8070000000000004">
    <testcase name="example to-do app displays two todo items by default" time="1.641" classname="displays two todo items by default">
    </testcase>
    <testcase name="example to-do app can add new todo items" time="0.716" classname="can add new todo items">
    </testcase>
    <testcase name="example to-do app can check off an item as completed" time="0.45" classname="can check off an item as completed">
    </testcase>
  </testsuite>
  <testsuite name="with a checked task" timestamp="2024-09-30T18:54:09" tests="3" failures="0" time="1.8960000000000001">
    <testcase name="example to-do app with a checked task can filter for uncompleted tasks" time="0.675" classname="can filter for uncompleted tasks">
    </testcase>
    <testcase name="example to-do app with a checked task can filter for completed tasks" time="0.626" classname="can filter for completed tasks">
    </testcase>
    <testcase name="example to-do app with a checked task can delete all completed tasks" time="0.595" classname="can delete all completed tasks">
    </testcase>
  </testsuite>
</testsuites>