<?xml version="1.0" encoding="UTF-8"?>
<testsuites name="Mocha Tests" time="63.159" tests="1" failures="0">
  <testsuite name="Root Suite" timestamp="2024-09-26T13:24:33" tests="0" file="cypress\e2e\1-getting-started\Web_Shop\payment_clean_cart_web_shop.cy.js" failures="0" time="0">
  </testsuite>
  <testsuite name="DEMO WEB SHOP" timestamp="2024-09-26T13:24:33" tests="1" failures="0" time="63.159">
    <testcase name="DEMO WEB SHOP PAGAMENTO DA JÓIA" time="63.159" classname="PAGAMENTO DA JÓIA">
    </testcase>
  </testsuite>
</testsuites>