<?xml version="1.0" encoding="UTF-8"?>
<testsuites name="Mocha Tests" time="3.737" tests="6" failures="0">
  <testsuite name="Root Suite" timestamp="2024-09-26T18:01:57" tests="0" file="cypress\e2e\1-getting-started\todo.cy.js" failures="0" time="0">
  </testsuite>
  <testsuite name="example to-do app" timestamp="2024-09-26T18:01:57" tests="3" failures="0" time="2.258">
    <testcase name="example to-do app displays two todo items by default" time="1.023" classname="displays two todo items by default">
    </testcase>
    <testcase name="example to-do app can add new todo items" time="0.667" classname="can add new todo items">
    </testcase>
    <testcase name="example to-do app can check off an item as completed" time="0.568" classname="can check off an item as completed">
    </testcase>
  </testsuite>
  <testsuite name="with a checked task" timestamp="2024-09-26T18:02:03" tests="3" failures="0" time="1.4789999999999999">
    <testcase name="example to-do app with a checked task can filter for uncompleted tasks" time="0.562" classname="can filter for uncompleted tasks">
    </testcase>
    <testcase name="example to-do app with a checked task can filter for completed tasks" time="0.479" classname="can filter for completed tasks">
    </testcase>
    <testcase name="example to-do app with a checked task can delete all completed tasks" time="0.438" classname="can delete all completed tasks">
    </testcase>
  </testsuite>
</testsuites>