<?xml version="1.0" encoding="UTF-8"?>
<testsuites name="Mocha Tests" time="432.22400000000005" tests="9" failures="2">
  <testsuite name="Root Suite" timestamp="2024-09-26T12:29:13" tests="0" file="cypress\e2e\1-getting-started\Web_Shop\completo_web_shop.cy.js" failures="0" time="0">
  </testsuite>
  <testsuite name="DEMO WEB SHOP" timestamp="2024-09-26T12:29:13" tests="1" failures="0" time="6.715">
    <testcase name="DEMO WEB SHOP FAZER LOGIN" time="6.715" classname="FAZER LOGIN">
    </testcase>
  </testsuite>
  <testsuite name="DEMO WEB SHOP" timestamp="2024-09-26T12:29:23" tests="1" failures="1" time="0">
    <testcase name="DEMO WEB SHOP GIFT" time="0" classname="GIFT">
      <failure message="Timed out retrying after 4000ms: Expected to find content: &apos;Your Shopping Cart is empty!&apos; but never did." type="AssertionError"><![CDATA[AssertionError: Timed out retrying after 4000ms: Expected to find content: 'Your Shopping Cart is empty!' but never did.
    at Context.eval (webpack://Cypress_Automacao/./cypress/e2e/1-getting-started/Web_Shop/completo_web_shop.cy.js:136:44)]]></failure>
    </testcase>
  </testsuite>
  <testsuite name="DEMO WEB SHOP" timestamp="2024-09-26T12:30:34" tests="1" failures="0" time="78.294">
    <testcase name="DEMO WEB SHOP BOOKS_WEB" time="78.294" classname="BOOKS_WEB">
    </testcase>
  </testsuite>
  <testsuite name="DEMO WEB SHOP" timestamp="2024-09-26T12:31:52" tests="1" failures="0" time="131.098">
    <testcase name="DEMO WEB SHOP COMPUTERS_WEB" time="131.098" classname="COMPUTERS_WEB">
    </testcase>
  </testsuite>
  <testsuite name="DEMO WEB SHOP" timestamp="2024-09-26T12:34:04" tests="1" failures="0" time="47.678">
    <testcase name="DEMO WEB SHOP ELETRONICS_WEB" time="47.678" classname="ELETRONICS_WEB">
    </testcase>
  </testsuite>
  <testsuite name="DEMO WEB SHOP" timestamp="2024-09-26T12:34:52" tests="1" failures="1" time="0">
    <testcase name="DEMO WEB SHOP APPAREL_&amp;_SHOES_WEB" time="0" classname="APPAREL_&amp;_SHOES_WEB">
      <failure message="Timed out retrying after 4000ms: Expected to find content: &apos;Your Shopping Cart is empty!&apos; but never did." type="AssertionError"><![CDATA[AssertionError: Timed out retrying after 4000ms: Expected to find content: 'Your Shopping Cart is empty!' but never did.
    at Context.eval (webpack://Cypress_Automacao/./cypress/e2e/1-getting-started/Web_Shop/completo_web_shop.cy.js:628:44)]]></failure>
    </testcase>
  </testsuite>
  <testsuite name="DEMO WEB SHOP" timestamp="2024-09-26T12:36:39" tests="1" failures="0" time="31.436">
    <testcase name="DEMO WEB SHOP DIGITAL_DOWNLOADS_WEB" time="31.436" classname="DIGITAL_DOWNLOADS_WEB">
    </testcase>
  </testsuite>
  <testsuite name="DEMO WEB SHOP" timestamp="2024-09-26T12:37:10" tests="1" failures="0" time="62.59">
    <testcase name="DEMO WEB SHOP JEWELRY_WEB" time="62.59" classname="JEWELRY_WEB">
    </testcase>
  </testsuite>
  <testsuite name="DEMO WEB SHOP" timestamp="2024-09-26T12:38:13" tests="1" failures="0" time="74.413">
    <testcase name="DEMO WEB SHOP PAGAMENTO DA JÓIA" time="74.413" classname="PAGAMENTO DA JÓIA">
    </testcase>
  </testsuite>
</testsuites>