<?xml version="1.0" encoding="UTF-8"?>
<testsuites name="Mocha Tests" time="132.664" tests="1" failures="0">
  <testsuite name="Root Suite" timestamp="2024-09-26T18:14:26" tests="0" file="cypress\e2e\1-getting-started\Web_Shop\computers_web_shop.cy.js" failures="0" time="0">
  </testsuite>
  <testsuite name="DEMO WEB SHOP" timestamp="2024-09-26T18:14:26" tests="1" failures="0" time="132.664">
    <testcase name="DEMO WEB SHOP FAZER LOGIN" time="132.664" classname="FAZER LOGIN">
    </testcase>
  </testsuite>
</testsuites>