<?xml version="1.0" encoding="UTF-8"?>
<testsuites name="Mocha Tests" time="54.246" tests="1" failures="0">
  <testsuite name="Root Suite" timestamp="2024-09-30T19:14:34" tests="0" file="cypress\e2e\1-getting-started\Web_Shop\eletronics_web_shop.cy.js" failures="0" time="0">
  </testsuite>
  <testsuite name="DEMO WEB SHOP" timestamp="2024-09-30T19:14:34" tests="1" failures="0" time="54.246">
    <testcase name="DEMO WEB SHOP FAZER LOGIN" time="54.246" classname="FAZER LOGIN">
    </testcase>
  </testsuite>
</testsuites>