{
  "stats": {
    "suites": 1,
    "tests": 1,
    "passes": 0,
    "pending": 0,
    "failures": 1,
    "start": "2025-07-08T14:00:26.833Z",
    "end": "2025-07-08T14:00:45.044Z",
    "duration": 18211,
    "testsRegistered": 1,
    "passPercent": 0,
    "pendingPercent": 0,
    "other": 0,
    "hasOther": false,
    "skipped": 0,
    "hasSkipped": false
  },
  "results": [
    {
      "uuid": "d7d4eb01-a018-4936-9de5-d8c148c30eb0",
      "title": "",
      "fullFile": "cypress\\e2e\\1-getting-started\\Web_Shop\\apparels_&_shoes_web_shop.cy.js",
      "file": "cypress\\e2e\\1-getting-started\\Web_Shop\\apparels_&_shoes_web_shop.cy.js",
      "beforeHooks": [],
      "afterHooks": [],
      "tests": [],
      "suites": [
        {
          "uuid": "a6fe4cd1-7a60-4e56-ae24-322ff951c31b",
          "title": "DEMO WEB SHOP",
          "fullFile": "",
          "file": "",
          "beforeHooks": [],
          "afterHooks": [],
          "tests": [
            {
              "title": "ADICIONAR APPAREL & SHOES NO CARRINHO E NA LISTA",
              "fullTitle": "DEMO WEB SHOP ADICIONAR APPAREL & SHOES NO CARRINHO E NA LISTA",
              "timedOut": null,
              "duration": 13033,
              "state": "failed",
              "speed": null,
              "pass": false,
              "fail": true,
              "pending": false,
              "context": null,
              "code": "//\n//\n//LOGIN \ncy.get('.ico-login').click();\n//\ncy.get('#Email').type('LLTEI@GMAIL.COM');\ncy.get('#Password').type('123456');\ncy.get('#RememberMe').click();\n//\ncy.get('form > .buttons > .button-1').click();\ncy.contains('LLTEI@GMAIL.COM').should('be.visible');\n//\n//\n//CRIANDO SCRIPT PARA LIMPAR CARRINHO DE COMPRA\n//cy.get('.ico-cart > .cart-label').click()\n//cy.get('.cart-header-row > :nth-child(1)').click()\n//.should('Shopping cart')\n//\n//\n//TENIS VERDE\ncy.get(':nth-child(8) > .product-item > .picture > a > img').click();\ncy.wait(2000); // wait for 2 seconds\ncy.get('.compare-products > .button-2').click();\ncy.wait(2000); // wait for 2 seconds\ncy.contains('Apparel & Shoes').should('be.visible');\ncy.wait(2000); // wait for 2 seconds\ncy.get('.top-menu > :nth-child(4) > a').click();\ncy.wait(2000); // wait for 2 seconds\n//\n//BOLSA / MOCHILA\ncy.get(':nth-child(7) > .product-item > .picture > a > img').click();\ncy.wait(2000); // wait for 2 seconds\ncy.get('#add-to-cart-button-29').click();\ncy.wait(2000); // wait for 2 seconds\ncy.contains('Apparel & Shoes').should('be.visible');\ncy.wait(2000); // wait for 2 seconds\ncy.get('.top-menu > :nth-child(4) > a').click();\ncy.wait(2000); // wait for 2 seconds\n//\n//BERMUDA JEANS\ncy.get(':nth-child(6) > .product-item > .picture > a > img').click();\ncy.wait(2000); // wait for 2 seconds\ncy.get('.compare-products > .button-2').click();\ncy.wait(2000); // wait for 2 seconds\ncy.contains('Apparel & Shoes').should('be.visible');\ncy.wait(2000); // wait for 2 seconds\ncy.get('.top-menu > :nth-child(4) > a').click();\ncy.wait(2000); // wait for 2 seconds\n//\n//BLUSA BRANCA\ncy.get(':nth-child(5) > .product-item > .picture > a > img').click();\ncy.get('.compare-products > .button-2').click();\ncy.wait(2000); // wait for 2 seconds\ncy.contains('Apparel & Shoes').should('be.visible');\ncy.wait(2000); // wait for 2 seconds\ncy.get('.top-menu > :nth-child(4) > a').click();\ncy.wait(2000); // wait for 2 seconds\n//\n//CINTO DE CALÇA\ncy.get(':nth-child(4) > .product-item > .picture > a > img').click();\ncy.get('#add-to-cart-button-40').click();\ncy.wait(2000); // wait for 2 seconds\ncy.contains('Apparel & Shoes').should('be.visible');\ncy.wait(2000); // wait for 2 seconds\ncy.get('.top-menu > :nth-child(4) > a').click();\ncy.wait(2000); // wait for 2 seconds\n//\n//CALÇA JEANS\ncy.get(':nth-child(3) > .product-item > .picture > a > img').click();\ncy.wait(2000); // wait for 2 seconds\ncy.get('#add-to-cart-button-36').click();\ncy.wait(2000); // wait for 2 seconds\ncy.contains('Apparel & Shoes').should('be.visible');\ncy.wait(2000); // wait for 2 seconds\ncy.get('.top-menu > :nth-child(4) > a').click();\ncy.wait(2000); // wait for 2 seconds\n//\n//TENIS\ncy.get(':nth-child(2) > .product-item > .picture > a > img').click();\ncy.get('#product_attribute_28_7_10').click();\ncy.get('.selected-value > label > .color-container > .color').click();\ncy.wait(2000); // wait for 2 seconds\ncy.get('#add-to-cart-button-28').click().click();\ncy.wait(2000); // wait for 2 seconds\ncy.contains('Apparel & Shoes').should('be.visible');\ncy.wait(2000); // wait for 2 seconds\ncy.get('.top-menu > :nth-child(4) > a').click();\ncy.wait(2000); // wait for 2 seconds\n//\n///VESTIDO\ncy.get(':nth-child(1) > .product-item > .picture > a > img').click();\ncy.wait(2000); // wait for 2 seconds\ncy.get('#add-to-cart-button-5').click();\ncy.wait(2000); // wait for 2 seconds\ncy.get('.top-menu > :nth-child(4) > a').click();\ncy.wait(2000); // wait for 2 seconds\ncy.get('.ico-cart > .cart-label').click();\ncy.wait(2000); // wait for 2 seconds\n//\n//\n//SELECIONAR TODOS OS PRODUTOS\n//cy.get(':nth-child(1) > .remove-from-cart > input').click()\n//cy.get(':nth-child(2) > .remove-from-cart > input').click()\n//cy.get(':nth-child(3) > .remove-from-cart > input').click()\n//cy.get(':nth-child(4) > .remove-from-cart > input').click()\n//cy.get(':nth-child(5) > .remove-from-cart > input').click()\n//\n//\n//LIMPAR CARRINHO PARA COMPRA\ncy.get('.ico-cart > .cart-label').click();\ncy.get(':nth-child(1) > .remove-from-cart > input').click();\ncy.get(':nth-child(2) > .remove-from-cart > input').click();\ncy.get(':nth-child(3) > .remove-from-cart > input').click();\ncy.get(':nth-child(4) > .remove-from-cart > input').click();\ncy.get(':nth-child(5) > .remove-from-cart > input').click();\ncy.get('.update-cart-button').click();\n//\n//\n//VISUALIZAR LISTA DE TODOS OS PRODUTOS EM FALTA\ncy.get('.customer-service > ul > :nth-child(5) > a').click();\n//\n//LIMPAR LISTA DOS PRODUTOS EM FALTA\ncy.get('.clear-list').click();\n//\n//HOME\ncy.get('.header-logo > a > img').click();\n//",
              "err": {
                "message": "AssertionError: Timed out retrying after 4000ms: Expected to find element: `:nth-child(8) > .product-item > .picture > a > img`, but never found it.",
                "estack": "AssertionError: Timed out retrying after 4000ms: Expected to find element: `:nth-child(8) > .product-item > .picture > a > img`, but never found it.\n    at Context.eval (webpack://cypress_project/./cypress/e2e/1-getting-started/Web_Shop/apparels_&_shoes_web_shop.cy.js:36:3)",
                "diff": null
              },
              "uuid": "c4108c75-05e8-48b6-9faa-8485f85467f1",
              "parentUUID": "a6fe4cd1-7a60-4e56-ae24-322ff951c31b",
              "isHook": false,
              "skipped": false
            }
          ],
          "suites": [],
          "passes": [],
          "failures": [
            "c4108c75-05e8-48b6-9faa-8485f85467f1"
          ],
          "pending": [],
          "skipped": [],
          "duration": 13033,
          "root": false,
          "rootEmpty": false,
          "_timeout": 2000
        }
      ],
      "passes": [],
      "failures": [],
      "pending": [],
      "skipped": [],
      "duration": 0,
      "root": true,
      "rootEmpty": true,
      "_timeout": 2000
    }
  ],
  "meta": {
    "mocha": {
      "version": "7.0.1"
    },
    "mochawesome": {
      "options": {
        "quiet": false,
        "reportFilename": "mochawesome",
        "saveHtml": false,
        "saveJson": true,
        "consoleReporter": "spec",
        "useInlineDiffs": false,
        "code": true
      },
      "version": "7.1.3"
    },
    "marge": {
      "options": {
        "reportDir": "cypress/reports/mochawesome",
        "overwrite": false,
        "html": false,
        "json": true
      },
      "version": "6.2.0"
    }
  }
}