{
  "stats": {
    "suites": 1,
    "tests": 1,
    "passes": 1,
    "pending": 0,
    "failures": 0,
    "start": "2025-07-09T14:03:50.548Z",
    "end": "2025-07-09T14:06:40.991Z",
    "duration": 170443,
    "testsRegistered": 1,
    "passPercent": 100,
    "pendingPercent": 0,
    "other": 0,
    "hasOther": false,
    "skipped": 0,
    "hasSkipped": false
  },
  "results": [
    {
      "uuid": "41fab269-801a-4a2e-abe0-bbfc654c8a90",
      "title": "",
      "fullFile": "cypress\\e2e\\eletronics.cy.js",
      "file": "cypress\\e2e\\eletronics.cy.js",
      "beforeHooks": [],
      "afterHooks": [],
      "tests": [],
      "suites": [
        {
          "uuid": "d5036deb-9551-404d-b34c-8edf88980a86",
          "title": "DEMO WEB SHOP",
          "fullFile": "",
          "file": "",
          "beforeHooks": [],
          "afterHooks": [],
          "tests": [
            {
              "title": "FAZER LOGIN",
              "fullTitle": "DEMO WEB SHOP FAZER LOGIN",
              "timedOut": null,
              "duration": 165232,
              "state": "passed",
              "speed": "slow",
              "pass": true,
              "fail": false,
              "pending": false,
              "context": null,
              "code": "//\n//MENU NOVO REGISTRO\n//cy.get('.ico-register').click()\n//\n//cy.get('#gender-male').click()\n//cy.get('#FirstName').type('LEONARDO')\n//cy.get('#LastName').type('TEIXEIRA')\n//cy.get('#Email').type('LLTEI@GMAIL.COM')\n//\n//cy.get('#Password').type('123456')\n//cy.get('#ConfirmPassword').type('123456')\n//\n//cy.get('#register-button').click()\n//cy.contains('Your registration completed').should('be.visible')\n//LOGIN \ncy.get('.ico-login').click();\n//\ncy.get('#Email').type('LLTEI@GMAIL.COM');\ncy.get('#Password').type('123456');\ncy.get('#RememberMe').click();\n//\ncy.get('form > .buttons > .button-1').click();\ncy.contains('LLTEI@GMAIL.COM').should('be.visible');\n//\n//ELETRONICS - CAMERAS E FOTOS\n//\n//\ncy.get('.top-menu > :nth-child(3)').click();\n//\ncy.get(':nth-child(1) > .sub-category-item').click();\n//\ncy.get(':nth-child(1) > .product-item > .picture').click();\ncy.get('.compare-products > .button-2').click();\n//cy.get(':nth-child(3) > [itemscope=\"\"] > a > span').click()\ncy.get('.top-menu > :nth-child(3) > [href=\"/electronics\"]').click();\ncy.get(':nth-child(1) > .sub-category-item > .picture > a > img').click();\n//\ncy.get(':nth-child(2) > .product-item > .picture').click();\ncy.get('.compare-products > .button-2').click();\n//cy.get(':nth-child(3) > [itemscope=\"\"] > a > span').click()\ncy.get('.top-menu > :nth-child(3) > [href=\"/electronics\"]').click();\ncy.get(':nth-child(1) > .sub-category-item > .picture > a > img').click();\n//\n//\ncy.get(':nth-child(3) > .product-item > .picture').click();\ncy.get('.compare-products > .button-2').click();\ncy.get('.top-menu > :nth-child(3) > [href=\"/electronics\"]').click();\ncy.get(':nth-child(1) > .sub-category-item > .picture > a > img').click();\n//\n//\ncy.get(':nth-child(4) > .product-item > .picture').click();\ncy.get('.compare-products > .button-2').click();\n//\ncy.get('.customer-service > ul > :nth-child(5)').click();\n//\n//\n//ELETRONICS - CAMERAS E FOTOS\n//\ncy.get('.top-menu > :nth-child(3)').click();\n//\ncy.get(':nth-child(2) > .sub-category-item > .picture > a > img').click();\n//\ncy.get(':nth-child(1) > .product-item > .picture > a > img').click();\ncy.wait(2000); // wait for 2 seconds\ncy.get('#add-to-cart-button-43').click();\ncy.wait(2000); // wait for 2 seconds\ncy.get(':nth-child(3) > [itemscope=\"\"] > a > span').click();\n//\ncy.get(':nth-child(2) > .product-item > .picture > a > img').click();\ncy.wait(2000); // wait for 2 seconds\ncy.get('.compare-products > .button-2').click();\ncy.wait(2000); // wait for 2 seconds\ncy.get('.top-menu > :nth-child(3) > [href=\"/electronics\"]').click();\ncy.get(':nth-child(2) > .sub-category-item > .picture').click();\n//\ncy.get(':nth-child(3) > .product-item > .picture > a > img').click();\ncy.get('[href=\"https://demowebshop.tricentis.com/content/images/thumbs/0000213_phone-cover.png\"] > img').click();\ncy.get('.mfp-close').click();\ncy.get('#add-to-cart-button-80').click();\n//\n//\n//LIMPAR CARRINHO PARA COMPRA\ncy.get('.ico-cart > .cart-label').click();\ncy.get(':nth-child(1) > .remove-from-cart > input').click();\ncy.get(':nth-child(2) > .remove-from-cart > input').click();\ncy.get('.update-cart-button').click();\n//\n//\n//VISUALIZAR LISTA DE TODOS OS PRODUTOS EM FALTA\ncy.get('.customer-service > ul > :nth-child(5) > a').click();\n//\n//LIMPAR LISTA DOS PRODUTOS EM FALTA\ncy.get('.clear-list').click();\n//\n//HOME\ncy.get('.header-logo > a > img').click();\n//",
              "err": {},
              "uuid": "a4c70ee5-d64f-47d8-8295-4258fa28884a",
              "parentUUID": "d5036deb-9551-404d-b34c-8edf88980a86",
              "isHook": false,
              "skipped": false
            }
          ],
          "suites": [],
          "passes": [
            "a4c70ee5-d64f-47d8-8295-4258fa28884a"
          ],
          "failures": [],
          "pending": [],
          "skipped": [],
          "duration": 165232,
          "root": false,
          "rootEmpty": false,
          "_timeout": 2000
        }
      ],
      "passes": [],
      "failures": [],
      "pending": [],
      "skipped": [],
      "duration": 0,
      "root": true,
      "rootEmpty": true,
      "_timeout": 2000
    }
  ],
  "meta": {
    "mocha": {
      "version": "7.2.0"
    },
    "mochawesome": {
      "options": {
        "quiet": false,
        "reportFilename": "mochawesome",
        "saveHtml": false,
        "saveJson": true,
        "consoleReporter": "spec",
        "useInlineDiffs": false,
        "code": true
      },
      "version": "7.1.3"
    },
    "marge": {
      "options": {
        "reportDir": "cypress/reports/mochawesome",
        "overwrite": false,
        "html": false,
        "json": true
      },
      "version": "6.2.0"
    }
  }
}