{
  "stats": {
    "suites": 1,
    "tests": 1,
    "passes": 1,
    "pending": 0,
    "failures": 0,
    "start": "2025-07-09T14:19:26.347Z",
    "end": "2025-07-09T14:21:36.232Z",
    "duration": 129885,
    "testsRegistered": 1,
    "passPercent": 100,
    "pendingPercent": 0,
    "other": 0,
    "hasOther": false,
    "skipped": 0,
    "hasSkipped": false
  },
  "results": [
    {
      "uuid": "a57d5555-4c7f-4d2c-9df9-b1b54c73d591",
      "title": "",
      "fullFile": "cypress\\e2e\\1-getting-started\\Web_Shop\\books_web_shop.cy.js",
      "file": "cypress\\e2e\\1-getting-started\\Web_Shop\\books_web_shop.cy.js",
      "beforeHooks": [],
      "afterHooks": [],
      "tests": [],
      "suites": [
        {
          "uuid": "31c403a6-2b7b-4282-9761-7280da49124b",
          "title": "DEMO WEB SHOP",
          "fullFile": "",
          "file": "",
          "beforeHooks": [],
          "afterHooks": [],
          "tests": [
            {
              "title": "FAZER LOGIN",
              "fullTitle": "DEMO WEB SHOP FAZER LOGIN",
              "timedOut": null,
              "duration": 125731,
              "state": "passed",
              "speed": "slow",
              "pass": true,
              "fail": false,
              "pending": false,
              "context": null,
              "code": "//\n//MENU NOVO REGISTRO\n//cy.get('.ico-register').click()\n//\n//cy.get('#gender-male').click()\n//cy.get('#FirstName').type('LEONARDO')\n//cy.get('#LastName').type('TEIXEIRA')\n//cy.get('#Email').type('LLTEI@GMAIL.COM')\n//\n//cy.get('#Password').type('123456')\n//cy.get('#ConfirmPassword').type('123456')\n//\n//cy.get('#register-button').click()\n//cy.contains('Your registration completed').should('be.visible')\n//LOGIN \ncy.get('.ico-login').click();\n//\ncy.get('#Email').type('LLTEI@GMAIL.COM');\ncy.get('#Password').type('123456');\ncy.get('#RememberMe').click();\n//\ncy.get('form > .buttons > .button-1').click();\ncy.contains('LLTEI@GMAIL.COM').should('be.visible');\n//\n//BOOKS\ncy.get('.top-menu > :nth-child(1)').click();\ncy.get(':nth-child(1) > .product-item > .picture > a > img').click();\ncy.get('#add-to-cart-button-13').click();\ncy.get(':nth-child(2) > [itemscope=\"\"] > a > span').click();\ncy.get(':nth-child(2) > .product-item > .picture > a > img').click();\ncy.get('.compare-products > .button-2').click();\ncy.get('.top-menu > :nth-child(1) > a').click();\ncy.get(':nth-child(3) > .product-item > .picture > a > img').click();\ncy.get('#add-to-cart-button-45').click();\ncy.get(':nth-child(2) > [itemscope=\"\"] > a > span').click();\ncy.get(':nth-child(4) > .product-item > .picture > a > img').click();\ncy.get('.compare-products > .button-2').click();\ncy.get('.top-menu > :nth-child(1) > a').click();\ncy.get(':nth-child(5) > .product-item > .picture > a > img').click();\ncy.get('#add-to-cart-button-22').click();\ncy.get('.top-menu > :nth-child(1) > a').click();\ncy.get(':nth-child(1) > .product-item > .picture > a > img').click();\ncy.get('.compare-products > .button-2').click();\ncy.get('.top-menu > :nth-child(1) > a');\ncy.get('.ico-cart > .cart-label').click();\ncy.get('.customer-service > ul > :nth-child(5) > a').click();\n//\n//\n//LIMPAR CARRINHO PARA COMPRA\ncy.get('.ico-cart > .cart-label').click();\ncy.get(':nth-child(1) > .remove-from-cart > input').click();\ncy.get(':nth-child(2) > .remove-from-cart > input').click();\ncy.get('.update-cart-button').click();\n//\n//\n//VISUALIZAR LISTA DE TODOS OS PRODUTOS EM FALTA\ncy.get('.customer-service > ul > :nth-child(5) > a').click();\n//\n//LIMPAR LISTA DOS PRODUTOS EM FALTA\ncy.get('.clear-list').click();\n//\n//HOME\ncy.get('.header-logo > a > img').click();\n//",
              "err": {},
              "uuid": "93e13064-383f-4fc2-bebe-18eb470837a5",
              "parentUUID": "31c403a6-2b7b-4282-9761-7280da49124b",
              "isHook": false,
              "skipped": false
            }
          ],
          "suites": [],
          "passes": [
            "93e13064-383f-4fc2-bebe-18eb470837a5"
          ],
          "failures": [],
          "pending": [],
          "skipped": [],
          "duration": 125731,
          "root": false,
          "rootEmpty": false,
          "_timeout": 2000
        }
      ],
      "passes": [],
      "failures": [],
      "pending": [],
      "skipped": [],
      "duration": 0,
      "root": true,
      "rootEmpty": true,
      "_timeout": 2000
    }
  ],
  "meta": {
    "mocha": {
      "version": "7.2.0"
    },
    "mochawesome": {
      "options": {
        "quiet": false,
        "reportFilename": "mochawesome",
        "saveHtml": false,
        "saveJson": true,
        "consoleReporter": "spec",
        "useInlineDiffs": false,
        "code": true
      },
      "version": "7.1.3"
    },
    "marge": {
      "options": {
        "reportDir": "cypress/reports/mochawesome",
        "overwrite": false,
        "html": false,
        "json": true
      },
      "version": "6.2.0"
    }
  }
}