{
  "stats": {
    "suites": 1,
    "tests": 1,
    "passes": 0,
    "pending": 0,
    "failures": 1,
    "start": "2025-07-08T14:15:45.932Z",
    "end": "2025-07-08T14:17:29.280Z",
    "duration": 103348,
    "testsRegistered": 1,
    "passPercent": 0,
    "pendingPercent": 0,
    "other": 0,
    "hasOther": false,
    "skipped": 0,
    "hasSkipped": false
  },
  "results": [
    {
      "uuid": "b84d04cc-9954-49c7-8388-f3f54c8a95c9",
      "title": "",
      "fullFile": "cypress\\e2e\\1-getting-started\\Web_Shop\\eletronics_web_shop.cy.js",
      "file": "cypress\\e2e\\1-getting-started\\Web_Shop\\eletronics_web_shop.cy.js",
      "beforeHooks": [],
      "afterHooks": [],
      "tests": [],
      "suites": [
        {
          "uuid": "7fc515d7-5ab2-4bc2-b48d-31cbe5d0a4f8",
          "title": "DEMO WEB SHOP",
          "fullFile": "",
          "file": "",
          "beforeHooks": [],
          "afterHooks": [],
          "tests": [
            {
              "title": "FAZER LOGIN",
              "fullTitle": "DEMO WEB SHOP FAZER LOGIN",
              "timedOut": null,
              "duration": 98602,
              "state": "failed",
              "speed": null,
              "pass": false,
              "fail": true,
              "pending": false,
              "context": null,
              "code": "//\n//MENU NOVO REGISTRO\n//cy.get('.ico-register').click()\n//\n//cy.get('#gender-male').click()\n//cy.get('#FirstName').type('LEONARDO')\n//cy.get('#LastName').type('TEIXEIRA')\n//cy.get('#Email').type('LLTEI@GMAIL.COM')\n//\n//cy.get('#Password').type('123456')\n//cy.get('#ConfirmPassword').type('123456')\n//\n//cy.get('#register-button').click()\n//cy.contains('Your registration completed').should('be.visible')\n//LOGIN \ncy.get('.ico-login').click();\n//\ncy.get('#Email').type('LLTEI@GMAIL.COM');\ncy.get('#Password').type('123456');\ncy.get('#RememberMe').click();\n//\ncy.get('form > .buttons > .button-1').click();\ncy.contains('LLTEI@GMAIL.COM').should('be.visible');\n//\n//ELETRONICS - CAMERAS E FOTOS\n//\n//\ncy.get('.top-menu > :nth-child(3)').click();\n//\ncy.get(':nth-child(1) > .sub-category-item').click();\n//\ncy.get(':nth-child(1) > .product-item > .picture').click();\ncy.get('.compare-products > .button-2').click();\n//cy.get(':nth-child(3) > [itemscope=\"\"] > a > span').click()\ncy.get('.top-menu > :nth-child(3) > [href=\"/electronics\"]').click();\ncy.get(':nth-child(1) > .sub-category-item > .picture > a > img').click();\n//\ncy.get(':nth-child(2) > .product-item > .picture').click();\ncy.get('.compare-products > .button-2').click();\n//cy.get(':nth-child(3) > [itemscope=\"\"] > a > span').click()\ncy.get('.top-menu > :nth-child(3) > [href=\"/electronics\"]').click();\ncy.get(':nth-child(1) > .sub-category-item > .picture > a > img').click();\n//\n//\ncy.get(':nth-child(3) > .product-item > .picture').click();\ncy.get('.compare-products > .button-2').click();\ncy.get('.top-menu > :nth-child(3) > [href=\"/electronics\"]').click();\ncy.get(':nth-child(1) > .sub-category-item > .picture > a > img').click();\n//\n//\ncy.get(':nth-child(4) > .product-item > .picture').click();\ncy.get('.compare-products > .button-2').click();\n//\ncy.get('.customer-service > ul > :nth-child(5)').click();\n//\n//\n//ELETRONICS - CAMERAS E FOTOS\n//\ncy.get('.top-menu > :nth-child(3)').click();\n//\ncy.get(':nth-child(2) > .sub-category-item > .picture > a > img').click();\n//\ncy.get(':nth-child(1) > .product-item > .picture > a > img').click();\ncy.wait(2000); // wait for 2 seconds\ncy.get('#add-to-cart-button-43').click();\ncy.wait(2000); // wait for 2 seconds\ncy.get(':nth-child(3) > [itemscope=\"\"] > a > span').click();\n//\ncy.get(':nth-child(2) > .product-item > .picture > a > img').click();\ncy.wait(2000); // wait for 2 seconds\ncy.get('.compare-products > .button-2').click();\ncy.wait(2000); // wait for 2 seconds\ncy.get('.top-menu > :nth-child(3) > [href=\"/electronics\"]').click();\ncy.get(':nth-child(2) > .sub-category-item > .picture').click();\n//\ncy.get(':nth-child(3) > .product-item > .picture > a > img').click();\ncy.get('[href=\"https://demowebshop.tricentis.com/content/images/thumbs/0000213_phone-cover.png\"] > img').click();\ncy.get('.mfp-close').click();\ncy.get('#add-to-cart-button-80').click();\n//\n//\n//LIMPAR CARRINHO PARA COMPRA\ncy.get('.ico-cart > .cart-label').click();\ncy.get(':nth-child(1) > .remove-from-cart > input').click();\ncy.get(':nth-child(2) > .remove-from-cart > input').click();\ncy.get('.update-cart-button').click();\n//\n//\n//VISUALIZAR LISTA DE TODOS OS PRODUTOS EM FALTA\ncy.get('.customer-service > ul > :nth-child(5) > a').click();\n//\n//LIMPAR LISTA DOS PRODUTOS EM FALTA\ncy.get('.clear-list').click();\n//\n//HOME\ncy.get('.header-logo > a > img').click();\n//",
              "err": {
                "message": "CypressError: Timed out retrying after 4050ms: `cy.click()` failed because this element is not visible:\n\n`<button title=\"Close (Esc)\" type=\"button\" class=\"mfp-close\">×</button>`\n\nThis element `<button.mfp-close>` is not visible because its parent `<div.mfp-figure.mfp-loading>` has CSS property: `display: none`\n\nFix this problem, or use `{force: true}` to disable error checking.\n\nhttps://on.cypress.io/element-cannot-be-interacted-with",
                "estack": "CypressError: Timed out retrying after 4050ms: `cy.click()` failed because this element is not visible:\n\n`<button title=\"Close (Esc)\" type=\"button\" class=\"mfp-close\">×</button>`\n\nThis element `<button.mfp-close>` is not visible because its parent `<div.mfp-figure.mfp-loading>` has CSS property: `display: none`\n\nFix this problem, or use `{force: true}` to disable error checking.\n\nhttps://on.cypress.io/element-cannot-be-interacted-with\n    at runVisibilityCheck (https://demowebshop.tricentis.com/__cypress/runner/cypress_runner.js:144957:58)\n    at Object.isStrictlyVisible (https://demowebshop.tricentis.com/__cypress/runner/cypress_runner.js:144971:10)\n    at runAllChecks (https://demowebshop.tricentis.com/__cypress/runner/cypress_runner.js:113271:26)\n    at retryActionability (https://demowebshop.tricentis.com/__cypress/runner/cypress_runner.js:113339:16)\n    at tryCatcher (https://demowebshop.tricentis.com/__cypress/runner/cypress_runner.js:1830:23)\n    at Promise.attempt.Promise.try (https://demowebshop.tricentis.com/__cypress/runner/cypress_runner.js:4338:29)\n    at whenStable (https://demowebshop.tricentis.com/__cypress/runner/cypress_runner.js:143744:68)\n    at <unknown> (https://demowebshop.tricentis.com/__cypress/runner/cypress_runner.js:143685:14)\n    at tryCatcher (https://demowebshop.tricentis.com/__cypress/runner/cypress_runner.js:1830:23)\n    at Promise._settlePromiseFromHandler (https://demowebshop.tricentis.com/__cypress/runner/cypress_runner.js:1542:31)\n    at Promise._settlePromise (https://demowebshop.tricentis.com/__cypress/runner/cypress_runner.js:1599:18)\n    at Promise._settlePromise0 (https://demowebshop.tricentis.com/__cypress/runner/cypress_runner.js:1644:10)\n    at Promise._settlePromises (https://demowebshop.tricentis.com/__cypress/runner/cypress_runner.js:1724:18)\n    at Promise._fulfill (https://demowebshop.tricentis.com/__cypress/runner/cypress_runner.js:1668:18)\n    at <unknown> (https://demowebshop.tricentis.com/__cypress/runner/cypress_runner.js:5473:46)\nFrom Your Spec Code:\n    at Context.eval (webpack://cypress_project/./cypress/e2e/1-getting-started/Web_Shop/eletronics_web_shop.cy.js:88:21)",
                "diff": null
              },
              "uuid": "be1bdad0-bc79-4f89-8520-e122daaf4226",
              "parentUUID": "7fc515d7-5ab2-4bc2-b48d-31cbe5d0a4f8",
              "isHook": false,
              "skipped": false
            }
          ],
          "suites": [],
          "passes": [],
          "failures": [
            "be1bdad0-bc79-4f89-8520-e122daaf4226"
          ],
          "pending": [],
          "skipped": [],
          "duration": 98602,
          "root": false,
          "rootEmpty": false,
          "_timeout": 2000
        }
      ],
      "passes": [],
      "failures": [],
      "pending": [],
      "skipped": [],
      "duration": 0,
      "root": true,
      "rootEmpty": true,
      "_timeout": 2000
    }
  ],
  "meta": {
    "mocha": {
      "version": "7.0.1"
    },
    "mochawesome": {
      "options": {
        "quiet": false,
        "reportFilename": "mochawesome",
        "saveHtml": false,
        "saveJson": true,
        "consoleReporter": "spec",
        "useInlineDiffs": false,
        "code": true
      },
      "version": "7.1.3"
    },
    "marge": {
      "options": {
        "reportDir": "cypress/reports/mochawesome",
        "overwrite": false,
        "html": false,
        "json": true
      },
      "version": "6.2.0"
    }
  }
}