{
  "stats": {
    "suites": 1,
    "tests": 1,
    "passes": 0,
    "pending": 0,
    "failures": 1,
    "start": "2025-07-09T13:58:39.785Z",
    "end": "2025-07-09T14:00:31.371Z",
    "duration": 111586,
    "testsRegistered": 1,
    "passPercent": 0,
    "pendingPercent": 0,
    "other": 0,
    "hasOther": false,
    "skipped": 0,
    "hasSkipped": false
  },
  "results": [
    {
      "uuid": "51cd6f62-0ea9-49c2-98c8-65c03c48065d",
      "title": "",
      "fullFile": "cypress\\e2e\\computers_web_shop.cy.js",
      "file": "cypress\\e2e\\computers_web_shop.cy.js",
      "beforeHooks": [],
      "afterHooks": [],
      "tests": [],
      "suites": [
        {
          "uuid": "65a82219-daa0-40c0-a821-dec3b41b3c47",
          "title": "DEMO WEB SHOP",
          "fullFile": "",
          "file": "",
          "beforeHooks": [],
          "afterHooks": [],
          "tests": [
            {
              "title": "FAZER LOGIN",
              "fullTitle": "DEMO WEB SHOP FAZER LOGIN",
              "timedOut": null,
              "duration": 107520,
              "state": "failed",
              "speed": null,
              "pass": false,
              "fail": true,
              "pending": false,
              "context": null,
              "code": "//\n//MENU NOVO REGISTRO\n//cy.get('.ico-register').click()\n//\n//cy.get('#gender-male').click()\n//cy.get('#FirstName').type('LEONARDO')\n//cy.get('#LastName').type('TEIXEIRA')\n//cy.get('#Email').type('LLTEI@GMAIL.COM')\n//\n//cy.get('#Password').type('123456')\n//cy.get('#ConfirmPassword').type('123456')\n//\n//cy.get('#register-button').click()\n//cy.contains('Your registration completed').should('be.visible')\n//LOGIN \ncy.get('.ico-login').click();\n//\ncy.get('#Email').type('LLTEI@GMAIL.COM');\ncy.get('#Password').type('123456');\ncy.get('#RememberMe').click();\n//\ncy.get('form > .buttons > .button-1').click();\ncy.contains('LLTEI@GMAIL.COM').should('be.visible');\n//\n//COMPUTERS\ncy.get('.top-menu > :nth-child(2) > [href=\"/computers\"]').click();\n//\n//\n//NOTEBOOK\ncy.get('.top-menu > :nth-child(2)').click();\ncy.wait(2000); // wait for 2 seconds\ncy.get(':nth-child(2) > .sub-category-item > .picture').click();\ncy.get('.product-item > .picture > a > img').click();\ncy.wait(2000); // wait for 2 seconds\ncy.get('#add-to-cart-button-31').click();\ncy.wait(2000); // wait for 2 seconds\ncy.get(':nth-child(2) > [itemscope=\"\"] > a > span').click();\ncy.wait(2000); // wait for 2 seconds\n//\n//\n//DESKTOP\ncy.get(':nth-child(1) > .sub-category-item > .picture > a > img').click();\n//\n//DESK - 1\ncy.get(':nth-child(1) > .product-item > .picture > a > img').click();\ncy.wait(2000); // wait for 1 seconds\ncy.get(':nth-child(2) > .option-list > :nth-child(1)').click();\ncy.wait(1000); // wait for 1 seconds\ncy.get('#product_attribute_72_6_19_91').click();\ncy.wait(1000); // wait for 1 seconds\ncy.get('#product_attribute_72_3_20_58').click();\ncy.wait(1000); // wait for 1 seconds\ncy.get('#product_attribute_72_8_30_94').click();\ncy.wait(1000); // wait for 1 seconds\ncy.get('#add-to-cart-button-72').click();\ncy.wait(2000); // wait for 2 seconds\ncy.get(':nth-child(3) > [itemscope=\"\"] > a > span').click();\n//\n//DESK - 2\ncy.get(':nth-child(2) > .product-item > .picture > a > img').click();\ncy.wait(2000); // wait for 2 seconds\ncy.get('#product_attribute_16_3_6_18').click();\ncy.wait(1000); // wait for 1 seconds\ncy.get('#product_attribute_16_4_7_21').click();\ncy.wait(1000); // wait for 1 seconds\ncy.get('#product_attribute_16_8_8_24').click();\ncy.wait(1000); // wait for 1 seconds\ncy.get('#add-to-cart-button-16').click();\ncy.wait(2000); // wait for 2 seconds\ncy.get(':nth-child(3) > [itemscope=\"\"] > a > span').click();\ncy.wait(1000); // wait for 1 seconds\n//\n//DESK - 3\ncy.get(':nth-child(3) > .product-item > .picture > a > img').click();\ncy.wait(2000); // wait for 2 seconds\ncy.get('#add-to-cart-button-74').click();\ncy.wait(2000); // wait for 2 seconds\ncy.get(':nth-child(3) > [itemscope=\"\"] > a > span').click();\ncy.wait(1000); // wait for 1 seconds\n//\n//DESK - 4\ncy.get(':nth-child(4) > .product-item > .picture > a > img').click();\ncy.wait(2000); // wait for 2 seconds\ncy.get('.compare-products > .button-2').click();\ncy.wait(2000); // wait for 2 seconds\ncy.get('.top-menu > :nth-child(2) > [href=\"/computers\"]').click();\ncy.wait(1000); // wait for 1 seconds\n//\n//DESK - 5\ncy.get(':nth-child(1) > .sub-category-item > .picture > a > img').click();\ncy.wait(2000); // wait for 2 seconds\ncy.get(':nth-child(5) > .product-item > .picture > a > img').click();\ncy.wait(2000); // wait for 2 seconds\ncy.get('.top-menu > :nth-child(2) > [href=\"/computers\"]').click();\ncy.wait(1000); // wait for 1 seconds\n//\n//DESK - 6\ncy.get(':nth-child(1) > .sub-category-item > .picture > a > img').click();\ncy.wait(2000); // wait for 2 seconds\ncy.get(':nth-child(6) > .product-item > .picture > a > img').click();\ncy.get('#add-to-cart-button-75').click();\n//cy.get(':nth-child(3) > [itemscope=\"\"] > a > span').click()\n//\ncy.get('.ico-cart > .cart-label').click();\n//\n//ACESSORIOS\ncy.get('.top-menu > :nth-child(2)').click();\n//\n//ACESS - 1\ncy.get(':nth-child(3) > .sub-category-item > .picture').click();\ncy.wait(1000); // wait for 1 seconds\ncy.get(':nth-child(1) > .product-item > .picture > a > img').click();\n//\n//ACESS - 2\ncy.wait(1000); // wait for 1 seconds\ncy.get('#add-to-cart-button-63').click();\ncy.wait(1000); // wait for 1 seconds\ncy.get(':nth-child(3) > [itemscope=\"\"] > a > span').click();\n//\n//ACESS - 3\ncy.get(':nth-child(2) > .product-item > .picture > a > img').click();\ncy.wait(1000); // wait for 1 seconds\ncy.get('#add-to-cart-button-66').click();\ncy.wait(1000); // wait for 1 seconds\ncy.get(':nth-child(3) > [itemscope=\"\"] > a > span').click();\n//\n//ACESS - 4\ncy.get(':nth-child(3) > .product-item > .picture > a > img').click();\ncy.wait(1000); // wait for 1 seconds\ncy.get('#add-to-cart-button-65').click();\ncy.wait(1000); // wait for 1 seconds\ncy.get(':nth-child(3) > [itemscope=\"\"] > a > span').click();\n//\n//ACESS - 5\ncy.get(':nth-child(4) > .product-item > .picture > a > img').click();\ncy.wait(1000); // wait for 1 seconds\ncy.get('#add-to-cart-button-62').click();\ncy.wait(1000); // wait for 1 seconds\ncy.get(':nth-child(3) > [itemscope=\"\"] > a > span').click();\n//\n//ACESS - 6\ncy.get(':nth-child(5) > .product-item > .picture > a > img').click();\ncy.wait(1000); // wait for 1 seconds\ncy.get('#add-to-cart-button-64').click();\ncy.wait(1000); // wait for 1 seconds\ncy.get(':nth-child(3) > [itemscope=\"\"] > a > span').click();\n//\n//ACESS - 7\ncy.get(':nth-child(6) > .product-item > .picture > a > img').click();\ncy.wait(1000); // wait for 1 seconds\ncy.get('#add-to-cart-button-61').click();\ncy.wait(1000); // wait for 1 seconds\ncy.get(':nth-child(3) > [itemscope=\"\"] > a > span').click();\n//\n//ACESS - 8\ncy.get(':nth-child(7) > .product-item > .picture > a > img').click();\ncy.wait(1000); // wait for 1 seconds\ncy.get('#add-to-cart-button-67').click();\n//\n//\n//LIMPAR CARRINHO PARA COMPRA\ncy.get('.ico-cart > .cart-label').click();\ncy.get(':nth-child(1) > .remove-from-cart > input').click();\ncy.get(':nth-child(2) > .remove-from-cart > input').click();\ncy.get(':nth-child(3) > .remove-from-cart > input').click();\ncy.get(':nth-child(4) > .remove-from-cart > input').click();\ncy.get(':nth-child(5) > .remove-from-cart > input').click();\ncy.get(':nth-child(6) > .remove-from-cart > input').click();\ncy.get(':nth-child(7) > .remove-from-cart > input').click();\ncy.get(':nth-child(8) > .remove-from-cart > input').click();\ncy.get(':nth-child(9) > .remove-from-cart > input').click();\ncy.get(':nth-child(10) > .remove-from-cart > input').click();\ncy.get('.update-cart-button').click();\n//\n//\n//VISUALIZAR LISTA DE TODOS OS PRODUTOS EM FALTA\ncy.get('.customer-service > ul > :nth-child(5) > a').click();\n//\n//LIMPAR LISTA DOS PRODUTOS EM FALTA\ncy.get('.clear-list').click();\n//\n//HOME\ncy.get('.header-logo > a > img').click();\n//\n//",
              "err": {
                "message": "CypressError: Timed out after waiting `60000ms` for your remote page to load.\n\nYour page did not fire its `load` event within `60000ms`.\n\nYou can try increasing the `pageLoadTimeout` value in `cypress.config.js` to wait longer.\n\nBrowsers will not fire the `load` event until all stylesheets and scripts are done downloading.\n\nWhen this `load` event occurs, Cypress will continue running commands.",
                "estack": "CypressError: Timed out after waiting `60000ms` for your remote page to load.\n\nYour page did not fire its `load` event within `60000ms`.\n\nYou can try increasing the `pageLoadTimeout` value in `cypress.config.js` to wait longer.\n\nBrowsers will not fire the `load` event until all stylesheets and scripts are done downloading.\n\nWhen this `load` event occurs, Cypress will continue running commands.\n    at timedOutWaitingForPageLoad (https://demowebshop.tricentis.com/__cypress/runner/cypress_runner.js:134082:64)\n    at <unknown> (https://demowebshop.tricentis.com/__cypress/runner/cypress_runner.js:134398:16)\n    at tryCatcher (https://demowebshop.tricentis.com/__cypress/runner/cypress_runner.js:1777:23)\n    at <unknown> (https://demowebshop.tricentis.com/__cypress/runner/cypress_runner.js:4156:41)\n    at tryCatcher (https://demowebshop.tricentis.com/__cypress/runner/cypress_runner.js:1777:23)\n    at Promise._settlePromiseFromHandler (https://demowebshop.tricentis.com/__cypress/runner/cypress_runner.js:1489:31)\n    at Promise._settlePromise (https://demowebshop.tricentis.com/__cypress/runner/cypress_runner.js:1546:18)\n    at Promise._settlePromise0 (https://demowebshop.tricentis.com/__cypress/runner/cypress_runner.js:1591:10)\n    at Promise._settlePromises (https://demowebshop.tricentis.com/__cypress/runner/cypress_runner.js:1667:18)\n    at _drainQueueStep (https://demowebshop.tricentis.com/__cypress/runner/cypress_runner.js:2377:12)\n    at _drainQueue (https://demowebshop.tricentis.com/__cypress/runner/cypress_runner.js:2370:9)\n    at Async._drainQueues (https://demowebshop.tricentis.com/__cypress/runner/cypress_runner.js:2386:5)\n    at Async.drainQueues (https://demowebshop.tricentis.com/__cypress/runner/cypress_runner.js:2256:14)",
                "diff": null
              },
              "uuid": "83bee405-4c58-44c0-9a82-3a263d707953",
              "parentUUID": "65a82219-daa0-40c0-a821-dec3b41b3c47",
              "isHook": false,
              "skipped": false
            }
          ],
          "suites": [],
          "passes": [],
          "failures": [
            "83bee405-4c58-44c0-9a82-3a263d707953"
          ],
          "pending": [],
          "skipped": [],
          "duration": 107520,
          "root": false,
          "rootEmpty": false,
          "_timeout": 2000
        }
      ],
      "passes": [],
      "failures": [],
      "pending": [],
      "skipped": [],
      "duration": 0,
      "root": true,
      "rootEmpty": true,
      "_timeout": 2000
    }
  ],
  "meta": {
    "mocha": {
      "version": "7.2.0"
    },
    "mochawesome": {
      "options": {
        "quiet": false,
        "reportFilename": "mochawesome",
        "saveHtml": false,
        "saveJson": true,
        "consoleReporter": "spec",
        "useInlineDiffs": false,
        "code": true
      },
      "version": "7.1.3"
    },
    "marge": {
      "options": {
        "reportDir": "cypress/reports/mochawesome",
        "overwrite": false,
        "html": false,
        "json": true
      },
      "version": "6.2.0"
    }
  }
}