{
  "stats": {
    "suites": 1,
    "tests": 1,
    "passes": 1,
    "pending": 0,
    "failures": 0,
    "start": "2025-07-09T14:06:44.220Z",
    "end": "2025-07-09T14:08:51.220Z",
    "duration": 127000,
    "testsRegistered": 1,
    "passPercent": 100,
    "pendingPercent": 0,
    "other": 0,
    "hasOther": false,
    "skipped": 0,
    "hasSkipped": false
  },
  "results": [
    {
      "uuid": "36449a94-bb5c-49a6-abfa-e60421639e08",
      "title": "",
      "fullFile": "cypress\\e2e\\jewelry.cy.js",
      "file": "cypress\\e2e\\jewelry.cy.js",
      "beforeHooks": [],
      "afterHooks": [],
      "tests": [],
      "suites": [
        {
          "uuid": "724beda4-1036-4690-a950-39734e29780f",
          "title": "DEMO WEB SHOP",
          "fullFile": "",
          "file": "",
          "beforeHooks": [],
          "afterHooks": [],
          "tests": [
            {
              "title": "FAZER LOGIN",
              "fullTitle": "DEMO WEB SHOP FAZER LOGIN",
              "timedOut": null,
              "duration": 122831,
              "state": "passed",
              "speed": "slow",
              "pass": true,
              "fail": false,
              "pending": false,
              "context": null,
              "code": "//\n//MENU NOVO REGISTRO\n//cy.get('.ico-register').click()\n//\n//cy.get('#gender-male').click()\n//cy.get('#FirstName').type('LEONARDO')\n//cy.get('#LastName').type('TEIXEIRA')\n//cy.get('#Email').type('LLTEI@GMAIL.COM')\n//\n//cy.get('#Password').type('123456')\n//cy.get('#ConfirmPassword').type('123456')\n//\n//cy.get('#register-button').click()\n//cy.contains('Your registration completed').should('be.visible')\n//LOGIN \ncy.get('.ico-login').click();\n//\ncy.get('#Email').type('LLTEI@GMAIL.COM');\ncy.get('#Password').type('123456');\ncy.get('#RememberMe').click();\n//\ncy.get('form > .buttons > .button-1').click();\ncy.contains('LLTEI@GMAIL.COM').should('be.visible');\n//\n//JEWELRY - JÓIAS\ncy.get('.top-menu > :nth-child(6) > a').click();\n//\n//\ncy.get(':nth-child(1) > .product-item > .picture > a > img').click();\ncy.get('#add-to-cart-button-71').click();\ncy.wait(3000); // wait for 3 seconds\ncy.get(':nth-child(2) > [itemscope=\"\"] > a > span').click();\n//\n//\ncy.get(':nth-child(2) > .product-item > .picture').click();\ncy.get('#add-to-cart-button-14').click();\ncy.wait(3000); // wait for 3 seconds\ncy.get(':nth-child(2) > [itemscope=\"\"] > a > span').click();\n//\n//\ncy.get(':nth-child(3) > .product-item > .picture > a > img').click();\ncy.get('.compare-products > .button-2').click();\ncy.get('.top-menu > :nth-child(6) > a').click();\ncy.wait(2000); // wait for 2 seconds\n//cy.get(':nth-child(2) > [itemscope=\"\"] > a > span').click()\n//\n//\ncy.get(':nth-child(4) > .product-item > .picture > a > img').click();\ncy.get('.compare-products > .button-2').click();\ncy.get('.top-menu > :nth-child(6) > a').click();\ncy.wait(2000); // wait for 2 seconds\n//cy.get(':nth-child(2) > [itemscope=\"\"] > a > span').click()\n//\n//\ncy.get(':nth-child(5) > .product-item > .picture > a > img').click();\ncy.get('.compare-products > .button-2').click();\ncy.get('.top-menu > :nth-child(6) > a').click();\n//cy.get(':nth-child(2) > [itemscope=\"\"] > a > span').click()\n//\ncy.get('.header-logo > a > img').click();\n//\n//\n//\n//LIMPAR CARRINHO PARA COMPRA\ncy.get('.ico-cart > .cart-label').click();\ncy.get(':nth-child(1) > .remove-from-cart > input').click();\ncy.get('.update-cart-button').click();\n//\n//\n//VISUALIZAR LISTA DE TODOS OS PRODUTOS EM FALTA\ncy.get('.customer-service > ul > :nth-child(5) > a').click();\n//\n//LIMPAR LISTA DOS PRODUTOS EM FALTA\ncy.get('.clear-list').click();\n//\n//\n//HOME\ncy.get('.header-logo > a > img').click();\n//",
              "err": {},
              "uuid": "acda4163-21ed-4443-89db-690b7b971007",
              "parentUUID": "724beda4-1036-4690-a950-39734e29780f",
              "isHook": false,
              "skipped": false
            }
          ],
          "suites": [],
          "passes": [
            "acda4163-21ed-4443-89db-690b7b971007"
          ],
          "failures": [],
          "pending": [],
          "skipped": [],
          "duration": 122831,
          "root": false,
          "rootEmpty": false,
          "_timeout": 2000
        }
      ],
      "passes": [],
      "failures": [],
      "pending": [],
      "skipped": [],
      "duration": 0,
      "root": true,
      "rootEmpty": true,
      "_timeout": 2000
    }
  ],
  "meta": {
    "mocha": {
      "version": "7.2.0"
    },
    "mochawesome": {
      "options": {
        "quiet": false,
        "reportFilename": "mochawesome",
        "saveHtml": false,
        "saveJson": true,
        "consoleReporter": "spec",
        "useInlineDiffs": false,
        "code": true
      },
      "version": "7.1.3"
    },
    "marge": {
      "options": {
        "reportDir": "cypress/reports/mochawesome",
        "overwrite": false,
        "html": false,
        "json": true
      },
      "version": "6.2.0"
    }
  }
}