{
  "stats": {
    "suites": 1,
    "tests": 1,
    "passes": 0,
    "pending": 0,
    "failures": 1,
    "start": "2025-07-08T14:17:40.966Z",
    "end": "2025-07-08T14:19:00.530Z",
    "duration": 79564,
    "testsRegistered": 1,
    "passPercent": 0,
    "pendingPercent": 0,
    "other": 0,
    "hasOther": false,
    "skipped": 0,
    "hasSkipped": false
  },
  "results": [
    {
      "uuid": "4617ed23-2df3-499a-b70c-bb9ffd70dd92",
      "title": "",
      "fullFile": "cypress\\e2e\\1-getting-started\\Web_Shop\\gifts_cards_web_shop.cy.js",
      "file": "cypress\\e2e\\1-getting-started\\Web_Shop\\gifts_cards_web_shop.cy.js",
      "beforeHooks": [],
      "afterHooks": [],
      "tests": [],
      "suites": [
        {
          "uuid": "cecb8030-7244-4268-90e5-2ec61f2a60d3",
          "title": "DEMO WEB SHOP",
          "fullFile": "",
          "file": "",
          "beforeHooks": [],
          "afterHooks": [],
          "tests": [
            {
              "title": "FAZER LOGIN",
              "fullTitle": "DEMO WEB SHOP FAZER LOGIN",
              "timedOut": null,
              "duration": 68741,
              "state": "failed",
              "speed": null,
              "pass": false,
              "fail": true,
              "pending": false,
              "context": null,
              "code": "//\n//MENU NOVO REGISTRO\n//cy.get('.ico-register').click()\n//\n//cy.get('#gender-male').click()\n//cy.get('#FirstName').type('LEONARDO')\n//cy.get('#LastName').type('TEIXEIRA')\n//cy.get('#Email').type('LLTEI@GMAIL.COM')\n//\n//cy.get('#Password').type('123456')\n//cy.get('#ConfirmPassword').type('123456')\n//\n//cy.get('#register-button').click()\n//cy.contains('Your registration completed').should('be.visible')\n//LOGIN \ncy.get('.ico-login').click();\n//\ncy.get('#Email').type('LLTEI@GMAIL.COM');\ncy.get('#Password').type('123456');\ncy.get('#RememberMe').click();\n//\ncy.get('form > .buttons > .button-1').click();\ncy.contains('LLTEI@GMAIL.COM').should('be.visible');\n//\n// 1 PRESENTE - GIFTS\ncy.get('.top-menu > :nth-child(7) > a').click();\n//\ncy.get(':nth-child(1) > .product-item > .picture > a > img').click();\n//RECIPIENTE NAME\ncy.get('#giftcard_1_RecipientName').type('Andre');\n//RECIPIENTE EMAIL\ncy.get('#giftcard_1_RecipientEmail').type('andre@hotmail.com');\n//cy.get('#giftcard_1_SenderName').type('Leonaardo')\n//cy.get('#giftcard_1_SenderEmail').type('leo@leo.com.br')\n//MESSAGE\ncy.get('#giftcard_1_Message').type('Oi');\ncy.wait(2000); // wait for 2 seconds\ncy.get('#add-to-cart-button-1').click();\ncy.wait(2000); // wait for 2 seconds\ncy.get(':nth-child(2) > [itemscope=\"\"] > a > span').click();\n//\n//\n//\n// 2 PRESENTE - GIFTS\ncy.get(':nth-child(2) > .product-item > .picture > a > img').click();\n//RECIPIENTE NAME\ncy.get('#giftcard_2_RecipientName').type('Andre');\n//RECIPIENTE EMAIL\ncy.get('#giftcard_2_RecipientEmail').type('andre@hotmail.com');\n//MESSAGE\ncy.get('#giftcard_2_Message').type('Oi');\ncy.wait(2000); // wait for 2 seconds\ncy.get('#add-to-cart-button-2').click();\ncy.wait(2000); // wait for 2 seconds\ncy.get(':nth-child(2) > [itemscope=\"\"] > a > span').click();\n//\n//\n//\n// 3 PRESENTE - GIFTS\ncy.get(':nth-child(3) > .product-item > .picture > a > img').click();\n//RECIPIENTE NAME\ncy.get('#giftcard_3_RecipientName').type('Andre');\ncy.wait(2000); // wait for 2 seconds\n//MESSAGE\ncy.get('#giftcard_3_Message').type('Oi');\ncy.wait(3000); // wait for 3 seconds\ncy.get('#add-to-cart-button-3').click();\ncy.wait(5000); // wait for 5 seconds\ncy.get(':nth-child(2) > [itemscope=\"\"] > a > span').click();\n//\n//\n//\n// 4 PRESENTE\ncy.get(':nth-child(4) > .product-item > .picture > a > img').click();\n//RECIPIENTE NAME\ncy.get('#giftcard_4_RecipientName').type('Andre');\n//MESSAGE\ncy.get('#giftcard_4_Message').type('Oi');\ncy.wait(2000); // wait for 2 seconds\ncy.get('#add-to-cart-button-4').click();\ncy.wait(2000); // wait for 2 seconds\n//\n//\n//LIMPAR CARRINHO PARA COMPRA\ncy.get('.ico-cart > .cart-label').click();\ncy.get(':nth-child(1) > .remove-from-cart > input').click(); //\ncy.get(':nth-child(2) > .remove-from-cart > input').click();\ncy.get(':nth-child(3) > .remove-from-cart > input').click();\ncy.get(':nth-child(4) > .remove-from-cart > input').click();\ncy.get('.update-cart-button').click();\n//\n// VERIFICAR MENSAGEM DE CARRINHO VAZIO\ncy.contains('Your Shopping Cart is empty!').should('be.visible');\n//\n//VISUALIZAR LISTA DE TODOS OS PRODUTOS EM FALTA\ncy.get('.customer-service > ul > :nth-child(5) > a').click();\n//\n//LIMPAR LISTA DOS PRODUTOS EM FALTA\n//cy.get('.clear-list').click()\n//cy.contains('You have no items to compare.').should('be.visible')\n//\n//\n//HOME\ncy.get('.header-logo > a > img').click();\n//",
              "err": {
                "message": "AssertionError: Timed out retrying after 4000ms: Expected to find content: 'Your Shopping Cart is empty!' but never did.",
                "estack": "AssertionError: Timed out retrying after 4000ms: Expected to find content: 'Your Shopping Cart is empty!' but never did.\n    at Context.eval (webpack://cypress_project/./cypress/e2e/1-getting-started/Web_Shop/gifts_cards_web_shop.cy.js:105:44)",
                "diff": null
              },
              "uuid": "91135985-7474-4288-b472-c1cb5ac0a8fa",
              "parentUUID": "cecb8030-7244-4268-90e5-2ec61f2a60d3",
              "isHook": false,
              "skipped": false
            }
          ],
          "suites": [],
          "passes": [],
          "failures": [
            "91135985-7474-4288-b472-c1cb5ac0a8fa"
          ],
          "pending": [],
          "skipped": [],
          "duration": 68741,
          "root": false,
          "rootEmpty": false,
          "_timeout": 2000
        }
      ],
      "passes": [],
      "failures": [],
      "pending": [],
      "skipped": [],
      "duration": 0,
      "root": true,
      "rootEmpty": true,
      "_timeout": 2000
    }
  ],
  "meta": {
    "mocha": {
      "version": "7.0.1"
    },
    "mochawesome": {
      "options": {
        "quiet": false,
        "reportFilename": "mochawesome",
        "saveHtml": false,
        "saveJson": true,
        "consoleReporter": "spec",
        "useInlineDiffs": false,
        "code": true
      },
      "version": "7.1.3"
    },
    "marge": {
      "options": {
        "reportDir": "cypress/reports/mochawesome",
        "overwrite": false,
        "html": false,
        "json": true
      },
      "version": "6.2.0"
    }
  }
}