{
  "stats": {
    "suites": 1,
    "tests": 1,
    "passes": 1,
    "pending": 0,
    "failures": 0,
    "start": "2025-07-09T14:58:31.284Z",
    "end": "2025-07-09T14:59:53.349Z",
    "duration": 82065,
    "testsRegistered": 1,
    "passPercent": 100,
    "pendingPercent": 0,
    "other": 0,
    "hasOther": false,
    "skipped": 0,
    "hasSkipped": false
  },
  "results": [
    {
      "uuid": "718c5a87-98e2-4087-a9e8-24dd23f92bca",
      "title": "",
      "fullFile": "cypress\\e2e\\digtal_downloads_web_shop.cy.js",
      "file": "cypress\\e2e\\digtal_downloads_web_shop.cy.js",
      "beforeHooks": [],
      "afterHooks": [],
      "tests": [],
      "suites": [
        {
          "uuid": "657bf290-dd56-4c0e-afb8-5755dd8dbcc6",
          "title": "DEMO WEB SHOP",
          "fullFile": "",
          "file": "",
          "beforeHooks": [],
          "afterHooks": [],
          "tests": [
            {
              "title": "FAZER LOGIN",
              "fullTitle": "DEMO WEB SHOP FAZER LOGIN",
              "timedOut": null,
              "duration": 78262,
              "state": "passed",
              "speed": "slow",
              "pass": true,
              "fail": false,
              "pending": false,
              "context": null,
              "code": "//\n//MENU NOVO REGISTRO\n//cy.get('.ico-register').click()\n//\n//cy.get('#gender-male').click()\n//cy.get('#FirstName').type('LEONARDO')\n//cy.get('#LastName').type('TEIXEIRA')\n//cy.get('#Email').type('LLTEI@GMAIL.COM')\n//\n//cy.get('#Password').type('123456')\n//cy.get('#ConfirmPassword').type('123456')\n//\n//cy.get('#register-button').click()\n//cy.contains('Your registration completed').should('be.visible')\n//LOGIN \ncy.get('.ico-login').click();\n//\ncy.get('#Email').type('LLTEI@GMAIL.COM');\ncy.get('#Password').type('123456');\ncy.get('#RememberMe').click();\n//\ncy.get('form > .buttons > .button-1').click();\ncy.contains('LLTEI@GMAIL.COM').should('be.visible');\n//\n//COMPUTERS\ncy.get('.top-menu > :nth-child(5)').click();\n//\ncy.get(':nth-child(1) > .product-item > .picture').click();\ncy.wait(2000); // wait for 2 seconds\ncy.get('#add-to-cart-button-53').click();\ncy.get('#add-to-cart-button-53').click();\ncy.wait(3000); // wait for 3 seconds\ncy.get(':nth-child(2) > [itemscope=\"\"] > a > span').click();\n//\ncy.get(':nth-child(2) > .product-item > .picture').click();\ncy.wait(2000); // wait for 2 seconds\ncy.get('#add-to-cart-button-51').click();\ncy.wait(2000); // wait for 2 seconds\ncy.get(':nth-child(2) > [itemscope=\"\"] > a > span').click();\n//\ncy.get(':nth-child(3) > .product-item > .picture').click();\ncy.wait(2000); // wait for 2 seconds\ncy.get('#add-to-cart-button-52').click();\ncy.wait(2000); // wait for 2 seconds\n//\n//\n//LIMPAR CARRINHO PARA COMPRA\ncy.get('.ico-cart > .cart-label').click();\ncy.get(':nth-child(1) > .remove-from-cart > input').click();\ncy.get(':nth-child(2) > .remove-from-cart > input').click();\ncy.get(':nth-child(3) > .remove-from-cart > input').click();\ncy.get('.update-cart-button').click();\n//\n//\n//VISUALIZAR LISTA DE TODOS OS PRODUTOS EM FALTA\ncy.get('.customer-service > ul > :nth-child(5) > a').click();\n//\n//LIMPAR LISTA DOS PRODUTOS EM FALTA\n//cy.get('.clear-list').click()\n//\n//HOME\ncy.get('.header-logo > a > img').click();\n//",
              "err": {},
              "uuid": "109fd109-38f7-453d-97c0-9eb0616b6a87",
              "parentUUID": "657bf290-dd56-4c0e-afb8-5755dd8dbcc6",
              "isHook": false,
              "skipped": false
            }
          ],
          "suites": [],
          "passes": [
            "109fd109-38f7-453d-97c0-9eb0616b6a87"
          ],
          "failures": [],
          "pending": [],
          "skipped": [],
          "duration": 78262,
          "root": false,
          "rootEmpty": false,
          "_timeout": 2000
        }
      ],
      "passes": [],
      "failures": [],
      "pending": [],
      "skipped": [],
      "duration": 0,
      "root": true,
      "rootEmpty": true,
      "_timeout": 2000
    }
  ],
  "meta": {
    "mocha": {
      "version": "7.2.0"
    },
    "mochawesome": {
      "options": {
        "quiet": false,
        "reportFilename": "mochawesome",
        "saveHtml": false,
        "saveJson": true,
        "consoleReporter": "spec",
        "useInlineDiffs": false,
        "code": true
      },
      "version": "7.1.3"
    },
    "marge": {
      "options": {
        "reportDir": "cypress/reports/mochawesome",
        "overwrite": false,
        "html": false,
        "json": true
      },
      "version": "6.2.0"
    }
  }
}