{
  "stats": {
    "suites": 1,
    "tests": 1,
    "passes": 1,
    "pending": 0,
    "failures": 0,
    "start": "2025-07-08T15:52:38.531Z",
    "end": "2025-07-08T15:53:44.898Z",
    "duration": 66367,
    "testsRegistered": 1,
    "passPercent": 100,
    "pendingPercent": 0,
    "other": 0,
    "hasOther": false,
    "skipped": 0,
    "hasSkipped": false
  },
  "results": [
    {
      "uuid": "054ec129-233f-45c1-b211-362676f52743",
      "title": "",
      "fullFile": "cypress\\e2e\\1-getting-started\\payment.cy.js",
      "file": "cypress\\e2e\\1-getting-started\\payment.cy.js",
      "beforeHooks": [],
      "afterHooks": [],
      "tests": [],
      "suites": [
        {
          "uuid": "380abef9-a8e0-4717-8a15-c88a0d7df2a4",
          "title": "DEMO WEB SHOP",
          "fullFile": "",
          "file": "",
          "beforeHooks": [],
          "afterHooks": [],
          "tests": [
            {
              "title": "PAGAMENTO DA JÓIA",
              "fullTitle": "DEMO WEB SHOP PAGAMENTO DA JÓIA",
              "timedOut": null,
              "duration": 62415,
              "state": "passed",
              "speed": "slow",
              "pass": true,
              "fail": false,
              "pending": false,
              "context": null,
              "code": "//\n//JEWELRY - JÓIAS\ncy.get('.top-menu > :nth-child(6) > a').click();\n//\n//\ncy.get(':nth-child(1) > .product-item > .picture > a > img').click();\ncy.wait(2000); // wait for 2 seconds\ncy.get('#add-to-cart-button-71').click();\ncy.wait(3000); // wait for 3 seconds\ncy.get(':nth-child(2) > [itemscope=\"\"] > a > span').click();\ncy.wait(2000); // wait for 2 seconds\n//\n//\ncy.get(':nth-child(2) > .product-item > .picture').click();\ncy.wait(2000); // wait for 2 seconds\ncy.get('#add-to-cart-button-14').click();\ncy.wait(3000); // wait for 3 seconds\ncy.get(':nth-child(2) > [itemscope=\"\"] > a > span').click();\ncy.wait(2000); // wait for 2 seconds\n//\n//\ncy.get(':nth-child(3) > .product-item > .picture > a > img').click();\ncy.wait(2000); // wait for 2 seconds\ncy.get('.compare-products > .button-2').click();\ncy.wait(2000); // wait for 2 seconds\ncy.get('.top-menu > :nth-child(6) > a').click();\ncy.wait(2000); // wait for 2 seconds\n//\n//\ncy.get(':nth-child(4) > .product-item > .picture > a > img').click();\ncy.get('.compare-products > .button-2').click();\ncy.wait(2000); // wait for 2 seconds\ncy.get('.top-menu > :nth-child(6) > a').click();\ncy.wait(2000); // wait for 2 seconds\n//\n//\ncy.get(':nth-child(5) > .product-item > .picture > a > img').click();\ncy.get('.compare-products > .button-2').click();\ncy.wait(2000); // wait for 2 seconds\ncy.get('.top-menu > :nth-child(6) > a').click();\n//\ncy.get('.header-logo > a > img').click();\n//\ncy.get('.ico-cart > .cart-label').click();\n//\ncy.get('.remove-from-cart > input').click();\n//\n//TERMO DE ACEITE\ncy.get('#termsofservice').click(); // Termo - I Agree\ncy.get('#checkout').click(); // Checkout\ncy.get('#Email').type('LLTEI@GMAIL.COM');\ncy.get('#Password').type('123456');\ncy.get('#RememberMe').click();\ncy.get('form > .buttons > .button-1').click();\n//\ncy.get('#termsofservice').click(); // Termo - I Agree\ncy.get('#checkout').click(); // Checkout\n//\n//\n//BOTÃO CONTINUAR\ncy.get('#billing-buttons-container > .button-1').click();\ncy.get('#shipping-buttons-container > .button-1').click();\ncy.get('#shippingoption_2').click();\ncy.get('#shipping-method-buttons-container > .button-1').click();\ncy.get('#paymentmethod_2').click();\n//\n//\n//Payment method\ncy.contains('Payment method').should('be.visible');\ncy.get('#paymentmethod_2').click();\ncy.get('#payment-method-buttons-container > .button-1').click();\n//\n//\n//Payment information\ncy.get('#CardholderName').type('José Filho');\ncy.get('#CardNumber').type('5405 1985 7437 5731');\ncy.get('#ExpireMonth').type('04');\ncy.get('#ExpireYear').type('2025');\ncy.get('#payment-info-buttons-container > .button-1').click();\n//\n//VERIFICANDO SE APARECE ERRO NO CARTÃO\ncy.contains('Wrong card code').should('be.visible');\n//\n//LIMPAR CARRINHO PARA COMPRA\ncy.get('.ico-cart > .cart-label').click();\ncy.get(':nth-child(1) > .remove-from-cart > input').click();\n//\n//VISUALIZAR LISTA DE TODOS OS PRODUTOS EM FALTA\ncy.get('.customer-service > ul > :nth-child(5) > a').click();\n//\n//LIMPAR LISTA DOS PRODUTOS EM FALTA\ncy.get('.clear-list').click();\n//",
              "err": {},
              "uuid": "5f8a1bbf-bd44-4880-95ce-bdfe42dadc15",
              "parentUUID": "380abef9-a8e0-4717-8a15-c88a0d7df2a4",
              "isHook": false,
              "skipped": false
            }
          ],
          "suites": [],
          "passes": [
            "5f8a1bbf-bd44-4880-95ce-bdfe42dadc15"
          ],
          "failures": [],
          "pending": [],
          "skipped": [],
          "duration": 62415,
          "root": false,
          "rootEmpty": false,
          "_timeout": 2000
        }
      ],
      "passes": [],
      "failures": [],
      "pending": [],
      "skipped": [],
      "duration": 0,
      "root": true,
      "rootEmpty": true,
      "_timeout": 2000
    }
  ],
  "meta": {
    "mocha": {
      "version": "7.0.1"
    },
    "mochawesome": {
      "options": {
        "quiet": false,
        "reportFilename": "mochawesome",
        "saveHtml": false,
        "saveJson": true,
        "consoleReporter": "spec",
        "useInlineDiffs": false,
        "code": true
      },
      "version": "7.1.3"
    },
    "marge": {
      "options": {
        "reportDir": "cypress/reports/mochawesome",
        "overwrite": false,
        "html": false,
        "json": true
      },
      "version": "6.2.0"
    }
  }
}